{"level":"info","time":"2026-03-11T04:46:56Z","message":"Thank you for trying Cloudflare Tunnel. Doing so, without a Cloudflare account, is a quick way to experiment and try it out. However, be aware that these account-less Tunnels have no uptime guarantee, are subject to the Cloudflare Online Services Terms of Use (https://www.cloudflare.com/website-terms/), and Cloudflare reserves the right to investigate your use of Tunnels for violations of such terms. If you intend to use Tunnels in production you should use a pre-created named tunnel by following: https://developers.cloudflare.com/cloudflare-one/connections/connect-apps"}
{"level":"info","time":"2026-03-11T04:46:56Z","message":"Requesting new quick Tunnel on trycloudflare.com..."}
{"level":"info","time":"2026-03-11T04:47:02Z","message":"+--------------------------------------------------------------------------------------------+"}
{"level":"info","time":"2026-03-11T04:47:02Z","message":"|  Your quick Tunnel has been created! Visit it at (it may take some time to be reachable):  |"}
{"level":"info","time":"2026-03-11T04:47:02Z","message":"|  https://decades-forget-perl-appliance.trycloudflare.com                                   |"}
{"level":"info","time":"2026-03-11T04:47:02Z","message":"+--------------------------------------------------------------------------------------------+"}
{"level":"info","time":"2026-03-11T04:47:02Z","message":"Cannot determine default configuration path. No file [config.yml config.yaml] in [~/.cloudflared ~/.cloudflare-warp ~/cloudflare-warp]"}
{"level":"info","time":"2026-03-11T04:47:02Z","message":"Version 2026.1.2 (Checksum 6304f5e1c017c038fb74a02c0157b2b63d4bc1f15709c639fcc08cb6dbe4c126)"}
{"level":"info","time":"2026-03-11T04:47:02Z","message":"GOOS: windows, GOVersion: go1.24.11, GoArch: amd64"}
{"level":"info","time":"2026-03-11T04:47:02Z","message":"Settings: map[ha-connections:1 logfile:C:\\wamp64\\www\\snapp\\output\\cloudflared.log protocol:quic url:http://localhost:80]"}
{"level":"info","time":"2026-03-11T04:47:02Z","message":"cloudflared will not automatically update on Windows systems."}
{"level":"info","time":"2026-03-11T04:47:02Z","message":"Generated Connector ID: 5cd3e3f9-39aa-480a-a03c-8a228e027d9e"}
{"level":"info","time":"2026-03-11T04:47:02Z","message":"Initial protocol quic"}
{"level":"info","time":"2026-03-11T04:47:02Z","message":"ICMP proxy will use 192.168.1.29 as source for IPv4"}
{"level":"info","time":"2026-03-11T04:47:02Z","message":"ICMP proxy will use 2401:4900:1f3f:cd60:9ca7:9a2:529f:183c in zone Wi-Fi as source for IPv6"}
{"level":"info","time":"2026-03-11T04:47:02Z","message":"cloudflared does not support loading the system root certificate pool on Windows. Please use --origin-ca-pool <PATH> to specify the path to the certificate pool"}
{"level":"info","time":"2026-03-11T04:47:02Z","message":"ICMP proxy will use 192.168.1.29 as source for IPv4"}
{"level":"info","event":0,"ip":"198.41.192.67","connIndex":0,"time":"2026-03-11T04:47:02Z","message":"Tunnel connection curve preferences: [X25519MLKEM768 CurveP256]"}
{"level":"info","time":"2026-03-11T04:47:02Z","message":"ICMP proxy will use 2401:4900:1f3f:cd60:9ca7:9a2:529f:183c in zone Wi-Fi as source for IPv6"}
{"level":"info","time":"2026-03-11T04:47:02Z","message":"Starting metrics server on 127.0.0.1:20242/metrics"}
{"level":"info","event":0,"connection":"9c4e780d-5540-4b49-8c03-3643f2b0584a","connIndex":0,"location":"bom06","ip":"198.41.192.67","protocol":"quic","time":"2026-03-11T04:47:02Z","message":"Registered tunnel connection"}
{"level":"error","error":"lookup region1.v2.argotunnel.com: i/o timeout","time":"2026-03-11T06:57:08Z","message":"Failed to refresh DNS local resolver"}
{"level":"error","error":"lookup region1.v2.argotunnel.com: i/o timeout","time":"2026-03-11T08:12:15Z","message":"Failed to refresh DNS local resolver"}
{"level":"error","error":"lookup region1.v2.argotunnel.com: i/o timeout","time":"2026-03-11T08:27:20Z","message":"Failed to refresh DNS local resolver"}
{"level":"error","error":"lookup region1.v2.argotunnel.com: i/o timeout","time":"2026-03-11T08:42:26Z","message":"Failed to refresh DNS local resolver"}
{"level":"error","error":"lookup region1.v2.argotunnel.com: i/o timeout","time":"2026-03-11T08:57:31Z","message":"Failed to refresh DNS local resolver"}
{"level":"error","error":"lookup region1.v2.argotunnel.com: i/o timeout","time":"2026-03-11T09:57:37Z","message":"Failed to refresh DNS local resolver"}
{"level":"error","error":"lookup region1.v2.argotunnel.com: i/o timeout","time":"2026-03-11T10:02:42Z","message":"Failed to refresh DNS local resolver"}
