quick introduction from vivan web solution|sarib.malek@vivanwebsolution.com
campaign-first-10|sales@sdlccorp.com
campaign-first-10|contact@instinctools.com
campaign-first-10|projects@utility.agency
campaign-first-10|sales@plavno.io
campaign-first-10|info@tallium.com
campaign-first-10|hello@gearheart.io
campaign-first-10|info@sigli.com
campaign-first-10|sales@pagetraffic.in
campaign-first-10|sales@future-processing.com
campaign-first-10|info@9thco.com
campaign-first-10-resend|sales@sdlccorp.com
campaign-first-10-resend|contact@instinctools.com
campaign-first-10-resend|projects@utility.agency
campaign-first-10-resend|sales@plavno.io
campaign-first-10-resend|info@tallium.com
campaign-first-10-resend|hello@gearheart.io
campaign-first-10-resend|info@sigli.com
campaign-first-10-resend|sales@pagetraffic.in
campaign-first-10-resend|sales@future-processing.com
campaign-first-10-resend|info@9thco.com
campaign-regarding-web-dev-01|sales@sdlccorp.com
campaign-regarding-web-dev-01|contact@instinctools.com
campaign-regarding-web-dev-01|projects@utility.agency
campaign-regarding-web-dev-01|sales@plavno.io
campaign-regarding-web-dev-01|info@tallium.com
campaign-regarding-web-dev-01|hello@gearheart.io
campaign-regarding-web-dev-01|info@sigli.com
campaign-regarding-web-dev-01|sales@pagetraffic.in
campaign-regarding-web-dev-01|sales@future-processing.com
campaign-regarding-web-dev-01|info@9thco.com
campaign-first-10|holla@3sidedcube.com
campaign-first-10|info@sumatosoft.com
campaign-first-10|info@intouchmena.com
campaign-first-10|sales@saigontechnology.com
campaign-first-10|welcome@triare.net
campaign-first-10|hello@shakuro.com
campaign-first-10|sales@wpcreative.com.au
campaign-first-10|info@chudovo.com
campaign-first-10|info@bilberrry.com
campaign-first-10|hello@thefreewebsiteguys.com
test-logo-links-01|sarib.malek@vivanwebsolution.com
campaign-first-10|contact@mavlers.com
campaign-first-10|contact@sapphiresolutions.net
campaign-first-10|sales@nextbigtechnology.com
campaign-first-10|hey@komanda.dev
campaign-first-10|hello@peiko.space
campaign-first-10|sales@ateamsoftsolutions.com
campaign-first-10|hello@metajive.com
campaign-first-10|info@dynamicdreamz.com
campaign-first-10|clientsupport@csschopper.com
campaign-first-10|info@rbseo.co.uk
vivan web solution - introduction|sarib.malek@vivanwebsolution.com
vivan web solution - introduction v2|sarib.malek@vivanwebsolution.com
vivan pdf attachment test 2026-03-10 21:43 ist|sarib.malek@vivanwebsolution.com
regarding web development services|sarib.malek@vivanwebsolution.com
manual-retest-2026-03-10-2|sarib.malek@vivanwebsolution.com
manual-retest-2026-03-10-3|sarib.malek@vivanwebsolution.com
manual-retest-2026-03-10-4|sarib.malek@vivanwebsolution.com
manual-retest-2026-03-10-5|sarib.malek@vivanwebsolution.com
manual-retest-2026-03-10-7|sarib.malek@vivanwebsolution.com
manual-retest-2026-03-10-8|sarib.malek@vivanwebsolution.com
manual-retest-2026-03-10-9|sarib.malek@vivanwebsolution.com
manual-retest-2026-03-10-11|sarib.malek@vivanwebsolution.com
manual-retest-2026-03-10-12|sarib.malek@vivanwebsolution.com
manual-retest-2026-03-10-13|sarib.malek@vivanwebsolution.com
manual-retest-2026-03-10-14|sarib.malek@vivanwebsolution.com
manual-retest-2026-03-10-15|sarib.malek@vivanwebsolution.com
manual-retest-2026-03-10-16|sarib.malek@vivanwebsolution.com
manual-retest-2026-03-10-17|sarib.malek@vivanwebsolution.com
manual-retest-2026-03-10-18|sarib.malek@vivanwebsolution.com
manual-retest-2026-03-10-19|sarib.malek@vivanwebsolution.com
manual-retest-2026-03-10-20|sarib.malek@vivanwebsolution.com
manual-retest-2026-03-10-21|sarib.malek@vivanwebsolution.com
manual-retest-2026-03-10-22|sarib.malek@vivanwebsolution.com
manual-retest-2026-03-10-23|sarib.malek@vivanwebsolution.com
db-flag-test-2026-03-10|sarib.malek@vivanwebsolution.com
db-flag-test-2026-03-10-b|sarib.malek@vivanwebsolution.com
db-flag-test-2026-03-10-c|sarib.malek@vivanwebsolution.com
manual-retest-2026-03-10-24|sarib.malek@vivanwebsolution.com
vivan web solution introduction|sarib.malek@vivanwebsolution.com
db-record-test-2026-03-10-d|sarib.malek@vivanwebsolution.com
db-record-test-2026-03-10-e|sarib.malek@vivanwebsolution.com
manual-retest-2026-03-10-25|sarib.malek@vivanwebsolution.com
manual-retest-2026-03-10-26|sarob.malek@vivanwebsolution.com
manual-retest-2026-03-10-27|sarib.malek@vivanwebsolution.com
manual-retest-2026-03-10-28|sarib.malek@vivanwebsolution.com
manual-retest-2026-03-10-29|sarib.malek@vivanwebsolution.com
manual-retest-2026-03-10-30|sarib.malek@vivanwebsolution.com
manual-retest-2026-03-10-31|sarib.malek@vivanwebsolution.com
db-record-test-2026-03-10-f|sarib.malek@vivanwebsolution.com
manual-retest-2026-03-10-32|sarib.malek@vivanwebsolution.com
db-record-test-2026-03-10-g|sarib.malek@vivanwebsolution.com
manual-retest-2026-03-10-33|sarib.malek@vivanwebsolution.com
manual-retest-2026-03-10-34|sarib.malek@vivanwebsolution.com
manual-retest-2026-03-10-35|sarib.malek@vivanwebsolution.com
manual-retest-2026-03-10-36|sarib.malek@vivanwebsolution.com
manual-retest-2026-03-10-37|sarib.malek@vivanwebsolution.com
manual-retest-2026-03-10-38|sarib.malek@vivanwebsolution.com
manual-retest-2026-03-10-39|sarib.malek@vivanwebsolution.com
manual-retest-2026-03-10-42|sarib.malek@vivanwebsolution.com
test-2026-03-10-logo-font-fix|sarib.malek@vivanwebsolution.com
test-2026-03-10-pdf-only|sarib.malek@vivanwebsolution.com
test-2026-03-10-original-logo|sarib.malek@vivanwebsolution.com
test-2026-03-10-review-links|sarib.malek@vivanwebsolution.com
test-2026-03-10-folder-review-logos|sarib.malek@vivanwebsolution.com
test-2026-03-10-post-db-flag|sarib.malek@vivanwebsolution.com
campaign-50-2026-03-10|sales@sdlccorp.com
campaign-50-2026-03-10|contact@instinctools.com
campaign-50-2026-03-10|projects@utility.agency
campaign-50-2026-03-10|sales@plavno.io
campaign-50-2026-03-10|info@tallium.com
campaign-50-2026-03-10|hello@gearheart.io
campaign-50-2026-03-10|info@sigli.com
campaign-50-2026-03-10|sales@pagetraffic.in
campaign-50-2026-03-10|sales@future-processing.com
campaign-50-2026-03-10|info@9thco.com
campaign-50-2026-03-10|holla@3sidedcube.com
campaign-50-2026-03-10|info@sumatosoft.com
campaign-50-2026-03-10|info@intouchmena.com
campaign-50-2026-03-10|sales@saigontechnology.com
campaign-50-2026-03-10|welcome@triare.net
campaign-50-2026-03-10|hello@shakuro.com
campaign-50-2026-03-10|sales@wpcreative.com.au
campaign-50-2026-03-10|info@chudovo.com
campaign-50-2026-03-10|info@bilberrry.com
campaign-50-2026-03-10|hello@thefreewebsiteguys.com
campaign-50-2026-03-10|contact@mavlers.com
campaign-50-2026-03-10|contact@sapphiresolutions.net
campaign-50-2026-03-10|sales@nextbigtechnology.com
campaign-50-2026-03-10|hey@komanda.dev
campaign-50-2026-03-10|hello@peiko.space
campaign-50-2026-03-10|sales@ateamsoftsolutions.com
campaign-50-2026-03-10|hello@metajive.com
campaign-50-2026-03-10|info@dynamicdreamz.com
campaign-50-2026-03-10|clientsupport@csschopper.com
campaign-50-2026-03-10|info@rbseo.co.uk
campaign-50-2026-03-10|contact@inoxoft.com
campaign-50-2026-03-10|social@offshoremarketers.com
campaign-50-2026-03-10|support@infinanze.com
campaign-50-2026-03-10|info@axiswebart.com
campaign-50-2026-03-10|contact@aalpha.net
campaign-50-2026-03-10|info@probey.probeyservices.com
campaign-50-2026-03-10|info@mycloudpulse.com
campaign-50-2026-03-10|connect@mobiloitte.com
campaign-50-2026-03-10|hr@kadmatech.com
campaign-50-2026-03-10|info@junkiescoder.com
campaign-50-2026-03-10|info@capitalnumbers.com
campaign-50-2026-03-10|brandon@upqode.com
campaign-50-2026-03-10|van@majortom.com
campaign-50-2026-03-10|contact@digitalaptech.com
campaign-50-2026-03-10|hi@promaticsindia.com
campaign-50-2026-03-10|hello@orbix.studio
campaign-50-2026-03-10|hello@amrsoftec.com
campaign-50-2026-03-10|hi@devit.group
campaign-50-2026-03-10|info@magnetoitsolutions.com
fresh-50-2026-03-11|support@oss-usa.com
fresh-50-2026-03-11|hello@indianic.com
fresh-50-2026-03-11|hello@unifiedinfotech.net
fresh-50-2026-03-11|info@webocta.com
fresh-50-2026-03-11|contact@detachsolutions.com
fresh-50-2026-03-11|info@lanternsol.com
fresh-50-2026-03-11|info@mindrops.com
fresh-50-2026-03-11|clientsupport@webbycentral.com
fresh-50-2026-03-11|support@bird.co.uk
fresh-50-2026-03-11|buyers@scale.tons
fresh-50-2026-03-11|info@hoisolutions.com
fresh-50-2026-03-11|sales@solulab.com
fresh-50-2026-03-11|sales@techugo.com
fresh-50-2026-03-11|sales@nextappinc.com
fresh-50-2026-03-11|business@startbitsolutions.com
fresh-50-2026-03-11|contact@xbsoftware.com
fresh-50-2026-03-11|hello@codebrightly.com
fresh-50-2026-03-11|info@ropstam.com
fresh-50-2026-03-11|sales@zamratech.com
fresh-50-2026-03-11|welcome@nextdoorcoders.com
fresh-50-2026-03-11|contact@yesitlabs.com
fresh-50-2026-03-11|info@mxpertz.com
fresh-50-2026-03-11|support@caveni.com
fresh-50-2026-03-11|contact@gtechinnovations.com
fresh-50-2026-03-11|info@itservicesindia.com
fresh-50-2026-03-11|info@cisin.com
fresh-50-2026-03-11|clientsupport@htmlpanda.com
fresh-50-2026-03-11|info@iihglobal.com
fresh-50-2026-03-11|enquiry@itpathsolutions.com
fresh-50-2026-03-11|sales@konstantinfo.com
fresh-50-2026-03-11|info@revolutexdigital.com
fresh-50-2026-03-11|info@codiant.com
fresh-50-2026-03-11|info@zealousys.com
fresh-50-2026-03-11|info@yarddiant.com
fresh-50-2026-03-11|connect@neuramonks.com
fresh-50-2026-03-11|info@captus-technologies.com
fresh-50-2026-03-11|hello@ssquares.tech
fresh-50-2026-03-11|info@ideamaker.agency
fresh-50-2026-03-11|sayhello@wearebrain.com
fresh-50-2026-03-11|hello@grovention.com
fresh-50-2026-03-11|sales@mandywebdesign.com
fresh-50-2026-03-11|info@digitalsoftwarelabs.com
fresh-50-2026-03-11|sales@fresatechnologies.com
fresh-50-2026-03-11|gourav@hiredeveloper.dev
fresh-50-2026-03-11|info@azurodigital.com
fresh-50-2026-03-11|info@socialmedia55.com
fresh-50-2026-03-11|sales@vrinsofts.com
fresh-50-2026-03-11|info@bragdeal.com
fresh-50-2026-03-11|hi@goodface.agency
fresh-50-2026-03-12|blockchain@evacodes.com
fresh-50-2026-03-12|sales@zipnom.com
fresh-50-2026-03-12|sales@zyneto.com
fresh-50-2026-03-12|admin@thinkshaw.com
fresh-50-2026-03-12|office@perspecta-soft.com
fresh-50-2026-03-12|services@tkxel.com
fresh-50-2026-03-12|sales@wingstechsolutions.com
fresh-50-2026-03-12|co-founder@tru.earth
fresh-50-2026-03-12|inquiry@obi.services
fresh-50-2026-03-12|info@webchoiceuk.com
fresh-50-2026-03-12|info@weboconnect.com
fresh-50-2026-03-12|info@kuchoriyatechsoft.com
fresh-50-2026-03-12|info@letsgetoptimized.com
fresh-50-2026-03-12|admin@pxmediainc.com
fresh-50-2026-03-12|biz@hiddenbrains.com
fresh-50-2026-03-12|hello@icecubedigital.com
fresh-50-2026-03-12|info@tech2globe.com
fresh-50-2026-03-12|info@youngdecade.com
fresh-50-2026-03-12|contact@scalacode.com
fresh-50-2026-03-12|info@splitdev.com
fresh-50-2026-03-12|info@cirklestudio.co
fresh-50-2026-03-12|sales@sphinx-solution.com
fresh-50-2026-03-12|info@gcc-marketing.com
fresh-50-2026-03-12|contact@webdesignsun.com
fresh-50-2026-03-12|sales@solar-digital.com
fresh-50-2026-03-12|sales@vividsoftwaresolutions.com
fresh-50-2026-03-12|contact@kyanon.digital
fresh-50-2026-03-12|hello@lantern.digital
fresh-50-2026-03-12|hello@empat.tech
fresh-50-2026-03-12|info@ibarts.co
fresh-50-2026-03-12|info@lumitech.co
fresh-50-2026-03-12|reliability@scale.enablement
fresh-50-2026-03-12|info@qservicesit.com
fresh-50-2026-03-12|info@senate-marketing.com
fresh-50-2026-03-12|info@optimageeks.com
fresh-50-2026-03-12|hello@attractgroup.com
fresh-50-2026-03-12|hello@trooinbound.com
fresh-50-2026-03-12|business@techmango.net
fresh-50-2026-03-12|good@communicating.they
fresh-50-2026-03-12|info@softkingo.com
fresh-50-2026-03-12|info@omsoftware.net
fresh-50-2026-03-12|info@infograins.com
fresh-50-2026-03-12|mail@evrone.com
fresh-50-2026-03-12|sales@webdesignstop.com
fresh-50-2026-03-12|sales@xongolab.com
fresh-50-2026-03-12|contact@cdnsol.com
fresh-50-2026-03-12|krunal@vihadigitalcommerce.com
fresh-50-2026-03-12|sales@indiit.com
fresh-50-2026-03-12|sales@creolestudios.com
fresh-50-2026-03-12|info@braintechnosys.com
test-2026-03-12-restored|sarib.malek@vivanwebsolution.com
fresh-50-2026-03-12|sales@webdesigndiscovery.com
fresh-50-2026-03-12|blockchain@evacodes.com
fresh-50-2026-03-12|sales@zipnom.com
fresh-50-2026-03-12|sales@zyneto.com
fresh-50-2026-03-12|admin@thinkshaw.com
fresh-50-2026-03-12|office@perspecta-soft.com
fresh-50-2026-03-12|services@tkxel.com
fresh-50-2026-03-12|sales@wingstechsolutions.com
fresh-50-2026-03-12|co-founder@tru.earth
fresh-50-2026-03-12|inquiry@obi.services
fresh-50-2026-03-12|info@webchoiceuk.com
fresh-50-2026-03-12|info@weboconnect.com
fresh-50-2026-03-12|info@kuchoriyatechsoft.com
fresh-50-2026-03-12|info@letsgetoptimized.com
fresh-50-2026-03-12|admin@pxmediainc.com
fresh-50-2026-03-12|biz@hiddenbrains.com
fresh-50-2026-03-12|hello@icecubedigital.com
fresh-50-2026-03-12|info@tech2globe.com
fresh-50-2026-03-12|info@youngdecade.com
fresh-50-2026-03-12|contact@scalacode.com
fresh-50-2026-03-12|info@splitdev.com
fresh-50-2026-03-12|info@cirklestudio.co
fresh-50-2026-03-12|sales@sphinx-solution.com
fresh-50-2026-03-12|info@gcc-marketing.com
fresh-50-2026-03-12|contact@webdesignsun.com
fresh-50-2026-03-12|sales@solar-digital.com
fresh-50-2026-03-12|sales@vividsoftwaresolutions.com
fresh-50-2026-03-12|contact@kyanon.digital
fresh-50-2026-03-12|hello@lantern.digital
fresh-50-2026-03-12|hello@empat.tech
fresh-50-2026-03-12|info@ibarts.co
fresh-50-2026-03-12|info@lumitech.co
fresh-50-2026-03-12|reliability@scale.enablement
fresh-50-2026-03-12|info@qservicesit.com
fresh-50-2026-03-12|info@senate-marketing.com
fresh-50-2026-03-12|info@optimageeks.com
fresh-50-2026-03-12|hello@attractgroup.com
fresh-50-2026-03-12|hello@trooinbound.com
fresh-50-2026-03-12|business@techmango.net
fresh-50-2026-03-12|good@communicating.they
fresh-50-2026-03-12|info@softkingo.com
fresh-50-2026-03-12|info@omsoftware.net
fresh-50-2026-03-12|info@infograins.com
fresh-50-2026-03-12|mail@evrone.com
fresh-50-2026-03-12|sales@webdesignstop.com
fresh-50-2026-03-12|sales@xongolab.com
fresh-50-2026-03-12|contact@cdnsol.com
fresh-50-2026-03-12|krunal@vihadigitalcommerce.com
fresh-50-2026-03-12|sales@indiit.com
fresh-50-2026-03-13|sales@creolestudios.com
fresh-50-2026-03-13|info@braintechnosys.com
fresh-50-2026-03-13|info@whiteorangesoftware.com
fresh-50-2026-03-13|sales@synarionit.com
fresh-50-2026-03-13|info@alphonic.in
fresh-50-2026-03-13|hello@designpluz.com.au
fresh-50-2026-03-13|sales@helpfulinsightsolution.com
fresh-50-2026-03-13|sales@scopicsoftware.com
fresh-50-2026-03-13|sales@newwave-solutions.co.jp
fresh-50-2026-03-13|info@krishaweb.com
fresh-50-2026-03-13|info@devtechnosys.com
fresh-50-2026-03-13|hello@theweather.agency
fresh-50-2026-03-13|info@snotor.pro
fresh-50-2026-03-13|info@webseomarket.com
fresh-50-2026-03-13|sales@ptiwebtech.com
fresh-50-2026-03-13|hello@buildmeapp.io
fresh-50-2026-03-13|info@devspheretechnologies.com
fresh-50-2026-03-13|solutions@enstacked.com
fresh-50-2026-03-13|mail@devassistant.pro
fresh-50-2026-03-13|contact@samwebstudio.com
fresh-50-2026-03-13|info@consagous.co
fresh-50-2026-03-13|info@technoloader.com
fresh-50-2026-03-13|info@tvisha.com
fresh-50-2026-03-13|sales@mobilecoderz.com
fresh-50-2026-03-13|hello@bytecrab.com
fresh-50-2026-03-13|hello@league.design
fresh-50-2026-03-13|mail@aisolutions.kz
fresh-50-2026-03-13|info@zerozilla.com
fresh-50-2026-03-13|welcome@geniussoftware.net
fresh-50-2026-03-13|sales@metadesignsolutions.com
fresh-50-2026-03-13|consultant@macromodule.com
fresh-50-2026-03-13|hello@concept21.agency
fresh-50-2026-03-13|sales@slm.software
fresh-50-2026-03-13|contact@webdesignglory.com
fresh-50-2026-03-13|info@softuvo.com
fresh-50-2026-03-13|info@verbsz.com
fresh-50-2026-03-13|hi@jeremymcgilvrey.com
fresh-50-2026-03-13|mail@singula.team
fresh-50-2026-03-13|info@siddhiinfosoft.com
fresh-50-2026-03-13|mail@webcapitan.com
fresh-50-2026-03-13|office@inventorsoft.co
fresh-50-2026-03-13|hr@fluper.com
fresh-50-2026-03-13|info@artilab.pro
fresh-50-2026-03-13|hello@hashbyt.com
fresh-50-2026-03-13|hello@digiants.com.ua
fresh-50-2026-03-13|info@mayuraconsultancy.com
fresh-50-2026-03-13|contact@standardtouch.com
fresh-50-2026-03-13|sales@nextastra.com
fresh-50-2026-03-13|info@technokrate.com
fresh-50-2026-03-16|info@tisindia.com
fresh-50-2026-03-16|info@diceus.com
fresh-50-2026-03-16|inquiry@halo-lab.com
fresh-50-2026-03-16|info@blisswebsolution.com
fresh-50-2026-03-16|sales@iprismtech.com
fresh-50-2026-03-16|hello@vinova.sg
fresh-50-2026-03-16|info@codewinglet.com
fresh-50-2026-03-16|contact@datazoinfotech.com.bd
fresh-50-2026-03-16|contact@prodigitaly.com
fresh-50-2026-03-16|hello@kitrum.com
fresh-50-2026-03-16|tech@sagipl.com
fresh-50-2026-03-16|info@iarianatech.com
fresh-50-2026-03-16|sales@protocloudtechnologies.com
fresh-50-2026-03-16|sales@flynaut.com
fresh-50-2026-03-16|support@ioss.in
fresh-50-2026-03-16|info@nmgtechnologies.com
fresh-50-2026-03-16|info@osiztechnologies.com
fresh-50-2026-03-16|info@sunarctechnologies.com
fresh-50-2026-03-16|owner@chrisbeamandesign.com
fresh-50-2026-03-16|605a7baede844d278b89dc95ae0a9123@sentry-next.wixpress.com
fresh-50-2026-03-16|info@thetechnostudio.com
fresh-50-2026-03-16|info@settingsinfotech.com
fresh-50-2026-03-16|hey@mojo-agency.com
fresh-50-2026-03-16|sales@codeniatechnologies.com
fresh-50-2026-03-16|support@cmsmart.net
fresh-50-2026-03-16|hello@digitalbutlers.me
fresh-50-2026-03-16|hi@raftlabs.com
fresh-50-2026-03-16|info@prabhatech.com
fresh-50-2026-03-16|sales@www.operion.com.my
fresh-50-2026-03-16|info@webtracktechnologies.com
fresh-50-2026-03-16|info@taazaa.com
fresh-50-2026-03-16|sales@webdew.com
fresh-50-2026-03-16|robert@slash.software
fresh-50-2026-03-16|info@sevendynamic.com
fresh-50-2026-03-16|info@fivejars.com
fresh-50-2026-03-16|sales@amapinfotech.com
fresh-50-2026-03-16|info@discovermybusiness.co
fresh-50-2026-03-16|hello@phenomenon-studio.com
fresh-50-2026-03-16|academy@compas.agency
fresh-50-2026-03-16|biz@miracuves.com
fresh-50-2026-03-16|contact@simpalm.com
fresh-50-2026-03-16|contact@powergatesoftware.com
fresh-50-2026-03-16|hi@s-pro.io
fresh-50-2026-03-16|office@kevychsolutions.com
fresh-50-2026-03-16|hello@syndelltech.com
fresh-50-2026-03-16|info@techpullers.com
fresh-50-2026-03-16|it@him.it
fresh-50-2026-03-16|business@codesclue.com
fresh-50-2026-03-16|info@izisstechnology.com
test1234_20260317|sarib.malek@vivanwebsolution.com
regarding web development services|nilupatel846@gmail.com
regarding web development services|saribmalek625@gmail.com
terminal_test_1|saribmalek625@gmail.com
terminal_test_1|devp188200@gmail.com
terminal_test_1|devp1882000@gmail.com
regarding web development services|devp1882000@gmail.com
regarding web development services|saribmalek625@gmail.com
regarding web development services|saribmalek625@gmail.com
regarding web development services|saribmalek625@gmail.com
regarding web development services|saribmalek625@gmail.com
regarding web development services|saribmalek625@gmail.com
regarding web development services|saribmalek625@gmail.com
regarding web development services|foo@bar.com
regarding web development services|foo@bar.com
regarding web development services|foo@bar.com
regarding web development services|foo@bar.com
regarding web development services|saribmalek625@gmail.com
regarding web development services|devp1882000@gmail.com
regarding web development services|nilupatel846@gmail.com
regarding web development services|nikalobhadash7@gmail.com
regarding web development services|drashtikanani10@gmail.com
regarding web development services|tishapatel249@gmail.com
regarding web development services|tishapatel249@gmail.com
regarding web development services|drashtikanani10@gmail.com
regarding web development services|saribmalek625@gmail.com
regarding web development services|saribmalek625@gmail.com
regarding web development services|saribmalek625@gmail.com
regarding web development services|saribmalek625@gmail.com
regarding web development services|saribmalek625@gmail.com
regarding web development services|saribmalek625@gmail.com
fresh-50-2026-03-17|info@codegeeks.solutions
fresh-50-2026-03-17|info@softwarealliance.io
fresh-50-2026-03-17|hello@destm.com
fresh-50-2026-03-17|info@voizac.com
fresh-50-2026-03-17|contact@asynx.in
fresh-50-2026-03-17|sales@williamswebsolutions.net
fresh-50-2026-03-17|info@grawlixsoft.com
fresh-50-2026-03-17|sales@valuecoders.com
fresh-50-2026-03-17|info@janbaskdigitaldesign.com
fresh-50-2026-03-17|sales@saeculumsolutions.com
fresh-50-2026-03-17|office@expandx.com
fresh-50-2026-03-17|experts@chapter247.cloud
fresh-50-2026-03-17|sales@irsolutions.tech
fresh-50-2026-03-17|info@bitswits.co
fresh-50-2026-03-17|info@gapsystudio.com
fresh-50-2026-03-17|info@weavers-web.com
fresh-50-2026-03-17|sales@ripenapps.com
fresh-50-2026-03-17|hello@they.dev
fresh-50-2026-03-17|info@intactdia.com
fresh-50-2026-03-17|info@boxinallsoftech.com
fresh-50-2026-03-17|lead@spec-india.com
fresh-50-2026-03-17|business@code-brew.com
fresh-50-2026-03-17|sales@skyinfitech.com
fresh-50-2026-03-17|hello@technoyuga.com
fresh-50-2026-03-17|bharat@raindropsinfotech.com
fresh-50-2026-03-17|contact@marketmedia.ma
fresh-50-2026-03-17|hello@techuptodate.com.au
fresh-50-2026-03-17|sales@webskitters.uk
fresh-50-2026-03-17|rishabh@tecorb.com
fresh-50-2026-03-17|hello@iqonic.design
fresh-50-2026-03-17|info@heyreliable.com
fresh-50-2026-03-17|contact@devouttechconsultants.com
fresh-50-2026-03-17|info@cloudrevels.com
fresh-50-2026-03-17|info@webhelpagency.com
fresh-50-2026-03-17|info@neoverce.com
fresh-50-2026-03-17|info@codment.com
fresh-50-2026-03-17|info@synoris.co.in
fresh-50-2026-03-17|go@roonyx.tech
fresh-50-2026-03-17|info@talosmart.com
fresh-50-2026-03-17|sales@inexture.com
fresh-50-2026-03-17|info@brainvire.com
fresh-50-2026-03-17|solution@omega.ac
fresh-50-2026-03-17|global@kaopiz.com
fresh-50-2026-03-17|sales@seofied.com
fresh-50-2026-03-17|enquiry@a3logics.com
fresh-50-2026-03-17|sales@apptunix.com
fresh-50-2026-03-17|sales@codechaps.com
fresh-50-2026-03-17|info@owebest.com
fresh-50-2026-03-17|welcome@imaga.ai
regarding web development services|sarib.malek@vivanwebsolution.com
fresh-50-2026-03-18|sales@digitabytes.com
fresh-50-2026-03-18|sales@netsetsoftware.com
fresh-50-2026-03-18|info@nipsapp.com
fresh-50-2026-03-18|contact@intexsoft.com
fresh-50-2026-03-18|info@veprof.com
fresh-50-2026-03-18|hello@uplinesoft.com
fresh-50-2026-03-18|sales@keyideas.com
fresh-50-2026-03-18|sales@galaxywing.com
fresh-50-2026-03-18|info@akdevgroup.com
fresh-50-2026-03-18|contact@merixstudio.com
fresh-50-2026-03-18|hello@binstellar.com
fresh-50-2026-03-18|info@elektrik.dev
fresh-50-2026-03-18|connect@contrivesolution.com
fresh-50-2026-03-18|biz@eluminoustechnologies.com
fresh-50-2026-03-18|info@giraffesoftware.com
fresh-50-2026-03-18|605a7baede844d278b89dc95ae0a9123@sentry-next.wixpress.com
fresh-50-2026-03-18|sales@omega-sys.com
fresh-50-2026-03-18|sales@ecomsolver.com
fresh-50-2026-03-18|hello@alakmalak.com
fresh-50-2026-03-18|business.arya@aryavratinfotech.com
fresh-50-2026-03-18|dev@vtlabs.org
fresh-50-2026-03-18|info@igexsolutions.com
fresh-50-2026-03-18|info@samyotech.com
fresh-50-2026-03-18|info@webdestiny.net
fresh-50-2026-03-18|info@aress.com
fresh-50-2026-03-18|info@brototech.com
fresh-50-2026-03-18|me@swapsinfotech.com
fresh-50-2026-03-18|hello@lynksen.com
fresh-50-2026-03-18|info@royex.net
fresh-50-2026-03-18|sales@toxsl.com
fresh-50-2026-03-18|hello@rocketech.it
fresh-50-2026-03-18|info@gocorptech.com
fresh-50-2026-03-18|webinforequest@coherentsolutions.com
fresh-50-2026-03-18|info@sigma.software
fresh-50-2026-03-18|info@rarecrew.com
fresh-50-2026-03-18|sales@datalinknetworks.net
fresh-50-2026-03-18|contactus@opinov8.com
fresh-50-2026-03-18|info@euvic.com
fresh-50-2026-03-18|sales@brainhub.eu
fresh-50-2026-03-18|info@flairstech.com
fresh-50-2026-03-18|enquiries@fluidone.com
fresh-50-2026-03-18|contact@innowise.com
fresh-50-2026-03-18|info@techmedics.com
fresh-50-2026-03-18|hello@richbrains.net
fresh-50-2026-03-18|contact@n-ix.com
fresh-50-2026-03-18|hello@emergentsoftware.net
fresh-50-2026-03-18|support@techpulsellc.com
fresh-50-2026-03-18|info@skyviewtechnology.com
fresh-50-2026-03-18-test|sarib.malek@vivanwebsolution.com
fresh-50-2026-03-18-test|sarib1.malek@vivanwebsolution.com
fresh-50-2026-03-18-test|info@brototech.com
fresh-50-2026-03-18-test|info@brototech.com
fresh-50-2026-03-18-test|sales@datalinknetworks.net
fresh-50-2026-03-19|program@utsw.their
fresh-50-2026-03-19|info@xtreemsolution.com
fresh-50-2026-03-19|contact@appcrops.com
fresh-50-2026-03-19|info@netmaxims.com
fresh-50-2026-03-19|support@psdwebdesigns.com
fresh-50-2026-03-19|support@bitcot.com
fresh-50-2026-03-19|605a7baede844d278b89dc95ae0a9123@sentry-next.wixpress.com
fresh-50-2026-03-19|info@helixstorm.com
fresh-50-2026-03-19|business@hand.josh
fresh-50-2026-03-19|hello@aspiredenver.com
fresh-50-2026-03-19|team@sekurno.com
fresh-50-2026-03-19|info@geniusee.com
fresh-50-2026-03-19|contact@arbisoft.com
fresh-50-2026-03-19|biz@radixweb.in
fresh-50-2026-03-19|info@rambunct.com
fresh-50-2026-03-19|office@elogic.co
fresh-50-2026-03-19|info@dsinnovators.com
fresh-50-2026-03-19|hello@queryon.com
fresh-50-2026-03-19|hello@consilien.com
fresh-50-2026-03-19|info@tailoredtech.net
fresh-50-2026-03-19|info@apriorit.com
fresh-50-2026-03-19|info@blueacrobat.com
fresh-50-2026-03-19|info@cgtechnologies.com
fresh-50-2026-03-19|info@netatwork.com
fresh-50-2026-03-19|contact@sparksupport.com
fresh-50-2026-03-19|experiences@scale.hi
fresh-50-2026-03-19|hello@jelvix.com
fresh-50-2026-03-19|sales@affinitymsp.com.au
fresh-50-2026-03-19|support@navsoft.in
fresh-50-2026-03-19|sales@belkins.io
fresh-50-2026-03-19|hello@yalantis.com
fresh-50-2026-03-19|info@tatvasoft.com
fresh-50-2026-03-19|info@geekyants.com
fresh-50-2026-03-19|enquiries@instil.co
fresh-50-2026-03-19|info@perfsys.com
fresh-50-2026-03-19|info@matrixbricks.com
fresh-50-2026-03-19|sales@leobit.com
fresh-50-2026-03-19|look@poland.it
fresh-50-2026-03-19|releases@scale.migration
fresh-50-2026-03-19|contact@dataprise.com
fresh-50-2026-03-19|sales@bestructured.com
fresh-50-2026-03-19|hello@avenga.com
fresh-50-2026-03-19|info@cyberduo.com
fresh-50-2026-03-19|sales@integrisit.com
fresh-50-2026-03-19|news@tieto.com
fresh-50-2026-03-19|info@charterts.com
fresh-50-2026-03-19|info@mobile-mentor.com
fresh-50-2026-03-19|info@xiztdevops.com
fresh-50-2026-03-19|ask@quisitive.com
fresh-50-2026-03-20|sales@raybiztech.com
fresh-50-2026-03-20|info@abtechtechnologies.com
fresh-50-2026-03-20|sales@emazzanti.net
fresh-50-2026-03-20|info@akinsit.com
fresh-50-2026-03-20|info@webshinetech.com
fresh-50-2026-03-20|contact@bravadosolutions.com
fresh-50-2026-03-20|sales@appsquadz.com
fresh-50-2026-03-20|info@fulminoussoftware.com
fresh-50-2026-03-20|sales@gmtasoftware.com
fresh-50-2026-03-20|admin@essentialdesigns.net
fresh-50-2026-03-20|sales@infowindtech.com
fresh-50-2026-03-20|support@abservetech.com
fresh-50-2026-03-20|projects@e2developers.com
fresh-50-2026-03-20|ask@asabix.com
fresh-50-2026-03-20|hello@profiletree.com
fresh-50-2026-03-20|info@mindoxa.com
fresh-50-2026-03-20|info@axat-tech.com
fresh-50-2026-03-20|contact@itinfonity.com
fresh-50-2026-03-20|hello@heyinnovations.com
fresh-50-2026-03-20|info@wordsystech.com
fresh-50-2026-03-20|hello@bytestechnolab.com
fresh-50-2026-03-20|contact@thinktoshare.com
fresh-50-2026-03-20|hello@bigdomain.my
fresh-50-2026-03-20|info@polygontechnology.io
fresh-50-2026-03-20|hello@selleo.com
fresh-50-2026-03-20|info@sidekickinteractive.com
fresh-50-2026-03-20|sales@mindhind.com
fresh-50-2026-03-20|partners@flexi.ink
fresh-50-2026-03-20|sales@tekkiwebsolutions.com
fresh-50-2026-03-20|sales@zenesys.com
fresh-50-2026-03-20|inquires@marrix-power.tech
fresh-50-2026-03-20|info@ranoliaventures.com
fresh-50-2026-03-20|sales@light-it.net
fresh-50-2026-03-20|info@houseofcode.dev
fresh-50-2026-03-20|sales@techbuilder.ai
fresh-50-2026-03-20|contactus@lucentasolutions.com
fresh-50-2026-03-20|info@consensuscreative.com
fresh-50-2026-03-20|support@technource.com
fresh-50-2026-03-20|hello@nurency.com
fresh-50-2026-03-20|info@qualityzoneinfotech.com
fresh-50-2026-03-20|hello@alliancetek.com
fresh-50-2026-03-20|inquiry@techtiqsolutions.com
fresh-50-2026-03-20|support@mishainfotech.com
fresh-50-2026-03-20|hello@nerdheadz.com
fresh-50-2026-03-20|hello@citrusbug.com
fresh-50-2026-03-20|sales@itgix.com
fresh-50-2026-03-20|support@texaport.co.uk
fresh-50-2026-03-20|contact@andersenlab.com
fresh-50-2026-03-20|info@rebootinc.com
fresh-50-2026-03-20|info@itgoat.com
fresh-50-2026-03-23|support@mytek.net
fresh-50-2026-03-23|sales@vintageits.com
fresh-50-2026-03-23|support@sada.com
fresh-50-2026-03-23|care@unitedsoftwares.net
fresh-50-2026-03-23|hello@techavidus.com
fresh-50-2026-03-23|hello@classicinformatics.com
fresh-50-2026-03-23|hi@cobold.in
fresh-50-2026-03-23|info@digitilizeweb.com
fresh-50-2026-03-23|hello@reversebits.tech
fresh-50-2026-03-23|info@webvolty.com
fresh-50-2026-03-23|info@slashmonk.com
fresh-50-2026-03-23|sales@icoderzsolutions.com
fresh-50-2026-03-23|info@iquincesoft.com
fresh-50-2026-03-23|info@social-verse.io
fresh-50-2026-03-23|info@versich.com
fresh-50-2026-03-23|contact@iogoos.com
fresh-50-2026-03-23|info@futurbyte.co
fresh-50-2026-03-23|info@thewebfounders.com
fresh-50-2026-03-23|tea@tibicle.com
fresh-50-2026-03-23|sales@twelvedevs.com
fresh-50-2026-03-23|info@75way.com
fresh-50-2026-03-23|hello@bespokedesign.co
fresh-50-2026-03-23|info@sibirtech.com
fresh-50-2026-03-23|contact@theappideas.com
fresh-50-2026-03-23|contact@zaptatech.com
fresh-50-2026-03-23|info@webxtalk.com
fresh-50-2026-03-23|sales@redwerk.com
fresh-50-2026-03-23|info@eitbiz.com
fresh-50-2026-03-23|sales@webosmotic.com
fresh-50-2026-03-23|hello@netstager.com
fresh-50-2026-03-23|hello@smallprojectsbureau.com
fresh-50-2026-03-23|info@10gspectrum.com
fresh-50-2026-03-23|info@crantia.com
fresh-50-2026-03-23|info@drumncode.com
fresh-50-2026-03-23|hi@vtdigital.com.au
fresh-50-2026-03-23|sales@aiqzon.com
fresh-50-2026-03-23|info@seovillas.com
fresh-50-2026-03-23|sales@implevista.com
fresh-50-2026-03-23|info@solutionsloft.com
fresh-50-2026-03-23|hello@zignuts.com
fresh-50-2026-03-23|info@gambixit.com
fresh-50-2026-03-23|support@aliansoftware.net
fresh-50-2026-03-23|sales@outsourcify.net
fresh-50-2026-03-23|info@clavax.com
fresh-50-2026-03-23|sales@ficode.com
fresh-50-2026-03-23|sales@qualhon.com
fresh-50-2026-03-23|biz@xoance.com
fresh-50-2026-03-23|info@emiratesgraphic.com
fresh-50-2026-03-23|info@tulip-tech.com
fresh-50-2026-03-23|sales@prometteursolutions.com
regarding web development services|sarib.malek@vivanwebsolution.com
regarding web development services|sarib.malek@vivanwebsolution.com
regarding web development services|sarib.malek@vivanwebsolution.com
regarding web development services|sarib.malek@vivanwebsolution.com
regarding web development services|sarib.malek@vivanwebsolution.com
regarding web development services|sarib.malek@vivanwebsolution.com
regarding web development services|sarib.malek@vivanwebsolution.com
fresh-50-2026-03-24|projects@7edge.com
fresh-50-2026-03-24|business@cvinfotech.com
fresh-50-2026-03-24|care@ultrabyteit.com
fresh-50-2026-03-24|agency@webjuice.co
fresh-50-2026-03-24|akshay@upcodo.com
fresh-50-2026-03-24|connect@wisitech.com
fresh-50-2026-03-24|grow@oyecommerz.com
fresh-50-2026-03-24|mail@promodex.agency
fresh-50-2026-03-24|info@turtlesoftsolution.com
fresh-50-2026-03-24|sales@roarsinc.com
fresh-50-2026-03-24|info@foduu.com
fresh-50-2026-03-24|sales@cleveroad.com
fresh-50-2026-03-24|contact@joseangelostudios.com
fresh-50-2026-03-24|contact@hdwebsoft.com
fresh-50-2026-03-24|contact@solicy.net
fresh-50-2026-03-24|sales@webcluesinfotech.com
fresh-50-2026-03-24|contact@techalchemy.com
fresh-50-2026-03-24|info@chacrasoftware.com
fresh-50-2026-03-24|hello@novus.team
fresh-50-2026-03-24|vlad.rudas@unit-space.com
fresh-50-2026-03-24|contact@amazing7.com
fresh-50-2026-03-24|sales@lnoks.com
fresh-50-2026-03-24|info@uplanet.biz
fresh-50-2026-03-24|hello@xiteb.com
fresh-50-2026-03-24|info@identixweb.com
fresh-50-2026-03-24|info@hola.tech
fresh-50-2026-03-24|sales@salttechno.com
fresh-50-2026-03-24|info@innovixcode.com
fresh-50-2026-03-24|operations@awsm.in
fresh-50-2026-03-24|andrew.gromenko@code-care.com
fresh-50-2026-03-24|info@ultrashieldsoftware.com
fresh-50-2026-03-24|hello@dd.nyc
fresh-50-2026-03-24|hello@zealousweb.com
fresh-50-2026-03-24|info@krishangtechnolab.com
fresh-50-2026-03-24|info@prologictechnologies.in
fresh-50-2026-03-24|info@kistechnosoftware.in
fresh-50-2026-03-24|sales@deaninfotech.com
fresh-50-2026-03-24|sales@algoworks.com
fresh-50-2026-03-24|hello@pagepro.co
fresh-50-2026-03-24|contact@edev.com
fresh-50-2026-03-24|support@precisedevelopers.com
fresh-50-2026-03-24|sales@mavenbird.com
fresh-50-2026-03-24|info@encantotek.com
fresh-50-2026-03-24|hello@nasnix.com
fresh-50-2026-03-24|hello@ronasit.com
fresh-50-2026-03-24|info@ecommonks.com
fresh-50-2026-03-25|hello@devcentrehouse.eu
fresh-50-2026-03-25|connect@valourithm.com
fresh-50-2026-03-25|hello@webviewdigital.com
fresh-50-2026-03-25|info@prilient.com
fresh-50-2026-03-25|sales@purgesoft.com
fresh-50-2026-03-25|info@smartym.pro
fresh-50-2026-03-25|info@webbycrown.com
fresh-50-2026-03-25|sales@xicom.biz
fresh-50-2026-03-25|info@acuitysoftwareservices.com
fresh-50-2026-03-25|info@xillentech.com
fresh-50-2026-03-25|ms@mobiteam.de
fresh-50-2026-03-25|sales@b2cinfosolutions.com
fresh-50-2026-03-25|sales@closeloop.com
fresh-50-2026-03-25|info@intobi.com
fresh-50-2026-03-25|sales@squarebits.com
fresh-50-2026-03-25|info@kineticwebbuilders.com
fresh-50-2026-03-25|info@softude.com
fresh-50-2026-03-25|info@gkmtit.com
fresh-50-2026-03-25|hello@yi3ld.com
fresh-50-2026-03-25|hello@zeracreative.com
fresh-50-2026-03-25|contact@foreignerds.com
fresh-50-2026-03-25|info@rootstrap.com
fresh-50-2026-03-25|sales@abhiwan.com
fresh-50-2026-03-25|bgv@iotainfotech.com
fresh-50-2026-03-25|ajay@redcubedigital.com
fresh-50-2026-03-25|info@itreeni.com
fresh-50-2026-03-25|sales@mindinventory.com
fresh-50-2026-03-25|contact@distinctcloud.io
fresh-50-2026-03-25|sales@codecalibre.com
fresh-50-2026-03-25|sb@megasite.ua
fresh-50-2026-03-25|info@shamlatech.com
fresh-50-2026-03-25|hello@alphacogs.co.uk
fresh-50-2026-03-25|hello.dizarm@gmail.com
fresh-50-2026-03-25|info@solidbrain.net
fresh-50-2026-03-25|info@linkupst.com
fresh-50-2026-03-25|hello@chopdawg.com
fresh-50-2026-03-25|hi@icreativez.com
fresh-50-2026-03-25|team@hqsoftwarelab.com
fresh-50-2026-03-25|info@webgensis.com
fresh-50-2026-03-25|contact@synergytop.com
fresh-50-2026-03-25|info@bluetech.co.in
fresh-50-2026-03-25|support@gkmit.co
fresh-50-2026-03-25|start@redrocket.software
fresh-50-2026-03-25|sales@techuz.com
fresh-50-2026-03-25|info@questglt.com
fresh-50-2026-03-25|inbox@kpi-creatives.com
fresh-50-2026-03-25|info@seasiainfotech.com
fresh-50-2026-03-25|team@radity.com
fresh-50-2026-03-25|sales@hirewebdeveloper.com
fresh-50-2026-03-25|artyum@agr.studio
fresh-50-2026-03-25|hello@kodakollectiv.com
fresh-50-2026-03-25|support@webclickindia.com
fresh-50-2026-03-26|info@regur.net
fresh-50-2026-03-26|enquiry@webguru-india.com
fresh-50-2026-03-26|info@digital4design.com
fresh-50-2026-03-26|info@pixelvalues.com
fresh-50-2026-03-26|work@tuesday.is
fresh-50-2026-03-26|info@seedium.io
fresh-50-2026-03-26|sales@pixelcrayons.com
fresh-50-2026-03-26|info@fospertise.com
fresh-50-2026-03-26|info@techformation.io
fresh-50-2026-03-26|sales@arkasoftwares.com
fresh-50-2026-03-26|info@leo9studio.com
fresh-50-2026-03-26|info@codingcops.com
fresh-50-2026-03-26|hello@passionates.com
fresh-50-2026-03-26|sales@wedowebapps.com
fresh-50-2026-03-26|info@hudigitallabs.com
fresh-50-2026-03-26|info@qwhosting.com
fresh-50-2026-03-26|success@aceinfoway.com
fresh-50-2026-03-26|hello@intspirit.com
fresh-50-2026-03-26|sales@leobit.com
fresh-50-2026-03-26|info@softteam.io
fresh-50-2026-03-26|info@kwixglobal.com
fresh-50-2026-03-26|hello@groovyweb.co
fresh-50-2026-03-26|info@techscooper.com
fresh-50-2026-03-26|info@theonetechnologies.com
fresh-50-2026-03-26|info@mutoestudio.com
fresh-50-2026-03-26|contact@innowise.com
fresh-50-2026-03-26|info@wisevisionllc.com
fresh-50-2026-03-26|hello@brilliantsystems.io
fresh-50-2026-03-26|biz@prismetric.com
fresh-50-2026-03-26|office@hypersense-software.com
fresh-50-2026-03-26|info@ewebworld.in
fresh-50-2026-03-26|info@syncsoftsolution.com
fresh-50-2026-03-26|info@tekrevol.com
