sarib1.malek@vivanwebsolution.com
info@brototech.com
sales@datalinknetworks.net
program@utsw.their
info@xtreemsolution.com
contact@appcrops.com
info@netmaxims.com
support@psdwebdesigns.com
support@bitcot.com
605a7baede844d278b89dc95ae0a9123@sentry-next.wixpress.com
info@helixstorm.com
business@hand.josh
hello@aspiredenver.com
team@sekurno.com
info@geniusee.com
contact@arbisoft.com
biz@radixweb.in
info@rambunct.com
hello@queryon.com
info@tailoredtech.net
technologies@.k.i.s.s.software
safety@scale.explore
better@night.armed
build@10turtle.we
business@scale.we
working@once.pivot
trust@scale.with
info@visionarylogodesigns.co.uk
info@techwize.com
info@solcoders.com
info@codesoltech.com
sales@brainmobi.com
contact@anadeainc.com
info@huptechweb.com
hello@agiletech.vn
sales@steptech.com.au
hello@atolye15.com
info@thepenciladvertising.com
letstalk@quokkalabs.com
hello@databyteworks.com
info@intelisoft.co
contact@orangemantra.com
support@beehosting.pro
fulfillment@scale.revenue
hello@webmedia.ge
info@trilogysolutions.ca
info@mapcoresoftech.com
info@icubetechnolabs.com
info@mantthan.com
contact@odysse.io
info@digibarq.com
info@d3logics.com
info@ninjacodingpro.com
info@codeandkraft.com
hello@umbrellait.com
info@izenicatechnologies.com
info@frenchydigital.com
support@techbyjinni.com
info@localmarketingsolutionsllc.com
hello@altamira.ai
info@nlineaxis.com
inquiry@rockysoft.ca
info@nexibloom.com
sales@thetechclouds.com
hello@wpriders.com
sales@republicode.com
sales@nexgi.com
cto@shyftauto.com
info@topserv.co
contact@ezfasttech.com
sales@thedebuggers.uk
hello@otakoyi.com
info@blackspace.in
sales@mobcoder.com
info@weetechsolution.com
info@kicowebdesign.com
hello@codeedoc.com
info@serbyte.net
excellence@nextbrai...ai
info@gorilla360.co.uk
office@leos.co.il
contact@riseuplabs.com
sales@bluebash.co
contact@mcro.tech
end@launch.we
sales@vidhema.com
sales@prism-me.com
support@webdesignsigma.com
hello@codeandcore.com
info@techbitsolution.com
info@cubix.co
info@differenzsystem.com
info@omninos.com
sales@i-webservices.com
contact@hookux.com
biuro@solv.pl
sales@appinop.com
info@ontiktechnology.com
sales@bitdeal.net
info@digiprima.com
sales@technoexponent.com
info@icorethink.com
info@designsparc.net
hello@dunice.net
team@6weeks.marketing
hello@vatalks.com
contact@smartsites.com
info@continuumdigital.ca
info@mldatahouse.com
info@exemplarymarketing.com
sales@interexy.com
hello@kodevent.com
s@stake.if
info@innoventixsolutions.com
great@it.now
info@inorbital.com
contact@beetsoft.com.vn
hello@yellow-gnu-342729.hostingersite.com
sales@9yardstechnology.com
info@graph.co.ke
sales@urapptech.com
sales@xonestech.com
contact@bachoodesign.com
info@canary-software.com
info@codiflysoftware.com
info@netqom.com
info@starkedge.com
sales@ahex.co.in
sales@si3.ae
info@iqlance.com
hello@247labs.com
info@inqsys.com
contact@eqaim.com
info@inventicsoft.com
support@ezappsolution.us
info@techspeed.com
support@insnapsys.com
hello@ronnieridge.com
info@eskidoos.be
hello@aretesoftware.ca
info@spirehubs.com
contact@iflexion.com
hi@purrweb.com
contact@zudu.co.uk
hello@unicrew.com
inquiry@stssoftware.ch
info@codebrik.com
enquiries@segurotechnologies.com
abc@xyz.com
hello@pramukhdigital.com
team@appsums.hannah
sales@burningbuttons.com
info@matellio.com
info@anuitex.com
reachus@delostylestudio.com
info@web-hitters.com
sales@uisort.com
sales@devoqdesign.com
hello@code24x7.com
